#
# There is insufficient memory for the Java Runtime Environment to continue.
# Native memory allocation (mmap) failed to map 11206656 bytes for committing reserved memory.
# Possible reasons:
#   The system is out of physical RAM or swap space
#   The process is running with CompressedOops enabled, and the Java Heap may be blocking the growth of the native heap
# Possible solutions:
#   Reduce memory load on the system
#   Increase physical memory or swap space
#   Check if swap backing store is full
#   Decrease Java heap size (-Xmx/-Xms)
#   Decrease number of Java threads
#   Decrease Java thread stack sizes (-Xss)
#   Set larger code cache with -XX:ReservedCodeCacheSize=
# This output file may be truncated or incomplete.
#
#  Out of Memory Error (os_linux.cpp:2795), pid=1797, tid=0x00007f71ac6ff700
#
# JRE version:  (8.0_342-b07) (build )
# Java VM: OpenJDK 64-Bit Server VM (25.342-b07 mixed mode linux-amd64 compressed oops)
# Failed to write core dump. Core dumps have been disabled. To enable core dumping, try "ulimit -c unlimited" before starting Java again
#

---------------  T H R E A D  ---------------

Current thread (0x00007f71a404b800):  JavaThread "Unknown thread" [_thread_in_vm, id=1813, stack(0x00007f71ac600000,0x00007f71ac700000)]

Stack: [0x00007f71ac600000,0x00007f71ac700000],  sp=0x00007f71ac6fe500,  free space=1017k
Native frames: (J=compiled Java code, j=interpreted, Vv=VM code, C=native code)
V  [libjvm.so+0xb6631d]  VMError::report_and_die()+0x1cd
V  [libjvm.so+0x5077ca]  report_vm_out_of_memory(char const*, int, unsigned long, VMErrorType, char const*)+0xaa
V  [libjvm.so+0x9419d8]  os::pd_commit_memory(char*, unsigned long, unsigned long, bool)+0xd8
V  [libjvm.so+0x9391ee]  os::commit_memory(char*, unsigned long, unsigned long, bool)+0x2e
V  [libjvm.so+0xb62e94]  VirtualSpace::expand_by(unsigned long, bool)+0x1b4
V  [libjvm.so+0x5ffeac]  CardGeneration::CardGeneration(ReservedSpace, unsigned long, int, GenRemSet*)+0xfc
V  [libjvm.so+0xb04b64]  TenuredGeneration::TenuredGeneration(ReservedSpace, unsigned long, int, GenRemSet*)+0x74
V  [libjvm.so+0x600b5b]  GenerationSpec::init(ReservedSpace, int, GenRemSet*)+0xdb
V  [libjvm.so+0x5f1a18]  GenCollectedHeap::initialize()+0x1e8
V  [libjvm.so+0xb2f169]  Universe::initialize_heap()+0x159
V  [libjvm.so+0xb2f412]  universe_init()+0x42
V  [libjvm.so+0x6441cf]  init_globals()+0x6f
V  [libjvm.so+0xb1165f]  Threads::create_vm(JavaVMInitArgs*, bool*)+0x29f
V  [libjvm.so+0x71740d]  JNI_CreateJavaVM+0x5d
C  [libjli.so+0x3043]  JavaMain+0xa3
C  [libpthread.so.0+0x7ea5]  start_thread+0xc5


---------------  P R O C E S S  ---------------

Java Threads: ( => current thread )

Other Threads:

=>0x00007f71a404b800 (exited) JavaThread "Unknown thread" [_thread_in_vm, id=1813, stack(0x00007f71ac600000,0x00007f71ac700000)]

VM state:not at safepoint (not fully initialized)

VM Mutex/Monitor currently owned by a thread: None

heap address: 0x00000000f0e00000, size: 242 MB, Compressed Oops mode: Non-zero based:0x00000000f0dff000
Narrow klass base: 0x0000000000000000, Narrow klass shift: 0

GC Heap History (0 events):
No events

Deoptimization events (0 events):
No events

Classes redefined (0 events):
No events

Internal exceptions (0 events):
No events

Events (0 events):
No events


Dynamic libraries:
f0e00000-f1350000 rw-p 00000000 00:00 0 
f1350000-f5ea0000 ---p 00000000 00:00 0 
f6950000-100000000 ---p 00000000 00:00 0 
5643b08b1000-5643b08b2000 r-xp 00000000 103:01 8970940                   /usr/lib/jvm/java-1.8.0-openjdk-1.8.0.342.b07-1.el7_9.x86_64/jre/bin/java
5643b0ab1000-5643b0ab2000 r--p 00000000 103:01 8970940                   /usr/lib/jvm/java-1.8.0-openjdk-1.8.0.342.b07-1.el7_9.x86_64/jre/bin/java
5643b0ab2000-5643b0ab3000 rw-p 00001000 103:01 8970940                   /usr/lib/jvm/java-1.8.0-openjdk-1.8.0.342.b07-1.el7_9.x86_64/jre/bin/java
5643b1a3c000-5643b1a5d000 rw-p 00000000 00:00 0                          [heap]
7f7195000000-7f7195270000 rwxp 00000000 00:00 0 
7f7195270000-7f71a4000000 ---p 00000000 00:00 0 
7f71a4000000-7f71a4073000 rw-p 00000000 00:00 0 
7f71a4073000-7f71a8000000 ---p 00000000 00:00 0 
7f71a8f32000-7f71a91fa000 rw-p 00000000 00:00 0 
7f71a91fa000-7f71a95b0000 ---p 00000000 00:00 0 
7f71a95b0000-7f71a95b8000 r-xp 00000000 103:01 461201                    /usr/lib/jvm/java-1.8.0-openjdk-1.8.0.342.b07-1.el7_9.x86_64/jre/lib/amd64/libzip.so
7f71a95b8000-7f71a97b7000 ---p 00008000 103:01 461201                    /usr/lib/jvm/java-1.8.0-openjdk-1.8.0.342.b07-1.el7_9.x86_64/jre/lib/amd64/libzip.so
7f71a97b7000-7f71a97b8000 r--p 00007000 103:01 461201                    /usr/lib/jvm/java-1.8.0-openjdk-1.8.0.342.b07-1.el7_9.x86_64/jre/lib/amd64/libzip.so
7f71a97b8000-7f71a97b9000 rw-p 00008000 103:01 461201                    /usr/lib/jvm/java-1.8.0-openjdk-1.8.0.342.b07-1.el7_9.x86_64/jre/lib/amd64/libzip.so
7f71a97b9000-7f71a97c5000 r-xp 00000000 103:01 12589889                  /usr/lib64/libnss_files-2.17.so
7f71a97c5000-7f71a99c4000 ---p 0000c000 103:01 12589889                  /usr/lib64/libnss_files-2.17.so
7f71a99c4000-7f71a99c5000 r--p 0000b000 103:01 12589889                  /usr/lib64/libnss_files-2.17.so
7f71a99c5000-7f71a99c6000 rw-p 0000c000 103:01 12589889                  /usr/lib64/libnss_files-2.17.so
7f71a99c6000-7f71a99cc000 rw-p 00000000 00:00 0 
7f71a99cc000-7f71a99f6000 r-xp 00000000 103:01 461152                    /usr/lib/jvm/java-1.8.0-openjdk-1.8.0.342.b07-1.el7_9.x86_64/jre/lib/amd64/libjava.so
7f71a99f6000-7f71a9bf5000 ---p 0002a000 103:01 461152                    /usr/lib/jvm/java-1.8.0-openjdk-1.8.0.342.b07-1.el7_9.x86_64/jre/lib/amd64/libjava.so
7f71a9bf5000-7f71a9bf6000 r--p 00029000 103:01 461152                    /usr/lib/jvm/java-1.8.0-openjdk-1.8.0.342.b07-1.el7_9.x86_64/jre/lib/amd64/libjava.so
7f71a9bf6000-7f71a9bf8000 rw-p 0002a000 103:01 461152                    /usr/lib/jvm/java-1.8.0-openjdk-1.8.0.342.b07-1.el7_9.x86_64/jre/lib/amd64/libjava.so
7f71a9bf8000-7f71a9c05000 r-xp 00000000 103:01 461200                    /usr/lib/jvm/java-1.8.0-openjdk-1.8.0.342.b07-1.el7_9.x86_64/jre/lib/amd64/libverify.so
7f71a9c05000-7f71a9e04000 ---p 0000d000 103:01 461200                    /usr/lib/jvm/java-1.8.0-openjdk-1.8.0.342.b07-1.el7_9.x86_64/jre/lib/amd64/libverify.so
7f71a9e04000-7f71a9e06000 r--p 0000c000 103:01 461200                    /usr/lib/jvm/java-1.8.0-openjdk-1.8.0.342.b07-1.el7_9.x86_64/jre/lib/amd64/libverify.so
7f71a9e06000-7f71a9e07000 rw-p 0000e000 103:01 461200                    /usr/lib/jvm/java-1.8.0-openjdk-1.8.0.342.b07-1.el7_9.x86_64/jre/lib/amd64/libverify.so
7f71a9e07000-7f71a9e0e000 r-xp 00000000 103:01 12595484                  /usr/lib64/librt-2.17.so
7f71a9e0e000-7f71aa00d000 ---p 00007000 103:01 12595484                  /usr/lib64/librt-2.17.so
7f71aa00d000-7f71aa00e000 r--p 00006000 103:01 12595484                  /usr/lib64/librt-2.17.so
7f71aa00e000-7f71aa00f000 rw-p 00007000 103:01 12595484                  /usr/lib64/librt-2.17.so
7f71aa00f000-7f71aa024000 r-xp 00000000 103:01 12607515                  /usr/lib64/libgcc_s-4.8.5-20150702.so.1
7f71aa024000-7f71aa223000 ---p 00015000 103:01 12607515                  /usr/lib64/libgcc_s-4.8.5-20150702.so.1
7f71aa223000-7f71aa224000 r--p 00014000 103:01 12607515                  /usr/lib64/libgcc_s-4.8.5-20150702.so.1
7f71aa224000-7f71aa225000 rw-p 00015000 103:01 12607515                  /usr/lib64/libgcc_s-4.8.5-20150702.so.1
7f71aa225000-7f71aa326000 r-xp 00000000 103:01 12587715                  /usr/lib64/libm-2.17.so
7f71aa326000-7f71aa525000 ---p 00101000 103:01 12587715                  /usr/lib64/libm-2.17.so
7f71aa525000-7f71aa526000 r--p 00100000 103:01 12587715                  /usr/lib64/libm-2.17.so
7f71aa526000-7f71aa527000 rw-p 00101000 103:01 12587715                  /usr/lib64/libm-2.17.so
7f71aa527000-7f71aa610000 r-xp 00000000 103:01 12688694                  /usr/lib64/libstdc++.so.6.0.19
7f71aa610000-7f71aa810000 ---p 000e9000 103:01 12688694                  /usr/lib64/libstdc++.so.6.0.19
7f71aa810000-7f71aa818000 r--p 000e9000 103:01 12688694                  /usr/lib64/libstdc++.so.6.0.19
7f71aa818000-7f71aa81a000 rw-p 000f1000 103:01 12688694                  /usr/lib64/libstdc++.so.6.0.19
7f71aa81a000-7f71aa82f000 rw-p 00000000 00:00 0 
7f71aa82f000-7f71ab5cc000 r-xp 00000000 103:01 12961251                  /usr/lib/jvm/java-1.8.0-openjdk-1.8.0.342.b07-1.el7_9.x86_64/jre/lib/amd64/server/libjvm.so
7f71ab5cc000-7f71ab7cb000 ---p 00d9d000 103:01 12961251                  /usr/lib/jvm/java-1.8.0-openjdk-1.8.0.342.b07-1.el7_9.x86_64/jre/lib/amd64/server/libjvm.so
7f71ab7cb000-7f71ab879000 r--p 00d9c000 103:01 12961251                  /usr/lib/jvm/java-1.8.0-openjdk-1.8.0.342.b07-1.el7_9.x86_64/jre/lib/amd64/server/libjvm.so
7f71ab879000-7f71ab8a4000 rw-p 00e4a000 103:01 12961251                  /usr/lib/jvm/java-1.8.0-openjdk-1.8.0.342.b07-1.el7_9.x86_64/jre/lib/amd64/server/libjvm.so
7f71ab8a4000-7f71ab8da000 rw-p 00000000 00:00 0 
7f71ab8da000-7f71aba9e000 r-xp 00000000 103:01 12583828                  /usr/lib64/libc-2.17.so
7f71aba9e000-7f71abc9d000 ---p 001c4000 103:01 12583828                  /usr/lib64/libc-2.17.so
7f71abc9d000-7f71abca1000 r--p 001c3000 103:01 12583828                  /usr/lib64/libc-2.17.so
7f71abca1000-7f71abca3000 rw-p 001c7000 103:01 12583828                  /usr/lib64/libc-2.17.so
7f71abca3000-7f71abca8000 rw-p 00000000 00:00 0 
7f71abca8000-7f71abcaa000 r-xp 00000000 103:01 12587488                  /usr/lib64/libdl-2.17.so
7f71abcaa000-7f71abeaa000 ---p 00002000 103:01 12587488                  /usr/lib64/libdl-2.17.so
7f71abeaa000-7f71abeab000 r--p 00002000 103:01 12587488                  /usr/lib64/libdl-2.17.so
7f71abeab000-7f71abeac000 rw-p 00003000 103:01 12587488                  /usr/lib64/libdl-2.17.so
7f71abeac000-7f71abeba000 r-xp 00000000 103:01 8970951                   /usr/lib/jvm/java-1.8.0-openjdk-1.8.0.342.b07-1.el7_9.x86_64/jre/lib/amd64/jli/libjli.so
7f71abeba000-7f71ac0b9000 ---p 0000e000 103:01 8970951                   /usr/lib/jvm/java-1.8.0-openjdk-1.8.0.342.b07-1.el7_9.x86_64/jre/lib/amd64/jli/libjli.so
7f71ac0b9000-7f71ac0ba000 r--p 0000d000 103:01 8970951                   /usr/lib/jvm/java-1.8.0-openjdk-1.8.0.342.b07-1.el7_9.x86_64/jre/lib/amd64/jli/libjli.so
7f71ac0ba000-7f71ac0bb000 rw-p 0000e000 103:01 8970951                   /usr/lib/jvm/java-1.8.0-openjdk-1.8.0.342.b07-1.el7_9.x86_64/jre/lib/amd64/jli/libjli.so
7f71ac0bb000-7f71ac0d0000 r-xp 00000000 103:01 12584649                  /usr/lib64/libz.so.1.2.7
7f71ac0d0000-7f71ac2cf000 ---p 00015000 103:01 12584649                  /usr/lib64/libz.so.1.2.7
7f71ac2cf000-7f71ac2d0000 r--p 00014000 103:01 12584649                  /usr/lib64/libz.so.1.2.7
7f71ac2d0000-7f71ac2d1000 rw-p 00015000 103:01 12584649                  /usr/lib64/libz.so.1.2.7
7f71ac2d1000-7f71ac2e8000 r-xp 00000000 103:01 12594871                  /usr/lib64/libpthread-2.17.so
7f71ac2e8000-7f71ac4e7000 ---p 00017000 103:01 12594871                  /usr/lib64/libpthread-2.17.so
7f71ac4e7000-7f71ac4e8000 r--p 00016000 103:01 12594871                  /usr/lib64/libpthread-2.17.so
7f71ac4e8000-7f71ac4e9000 rw-p 00017000 103:01 12594871                  /usr/lib64/libpthread-2.17.so
7f71ac4e9000-7f71ac4ed000 rw-p 00000000 00:00 0 
7f71ac4ed000-7f71ac50f000 r-xp 00000000 103:01 12583819                  /usr/lib64/ld-2.17.so
7f71ac53c000-7f71ac53f000 rw-p 00000000 00:00 0 
7f71ac53f000-7f71ac5b5000 ---p 00000000 00:00 0 
7f71ac5b5000-7f71ac5f7000 rw-p 00000000 00:00 0 
7f71ac5f7000-7f71ac5ff000 rw-s 00000000 103:01 9354196                   /tmp/hsperfdata_cloud_user/1797
7f71ac5ff000-7f71ac603000 ---p 00000000 00:00 0 
7f71ac603000-7f71ac705000 rw-p 00000000 00:00 0 
7f71ac708000-7f71ac70c000 rw-p 00000000 00:00 0 
7f71ac70c000-7f71ac70d000 r--p 00000000 00:00 0 
7f71ac70d000-7f71ac70e000 rw-p 00000000 00:00 0 
7f71ac70e000-7f71ac70f000 r--p 00021000 103:01 12583819                  /usr/lib64/ld-2.17.so
7f71ac70f000-7f71ac710000 rw-p 00022000 103:01 12583819                  /usr/lib64/ld-2.17.so
7f71ac710000-7f71ac711000 rw-p 00000000 00:00 0 
7ffc38f1a000-7ffc38f3b000 rw-p 00000000 00:00 0                          [stack]
7ffc38fd3000-7ffc38fd5000 r-xp 00000000 00:00 0                          [vdso]
ffffffffff600000-ffffffffff601000 r-xp 00000000 00:00 0                  [vsyscall]

VM Arguments:
jvm_args: -Dorg.gradle.appname=gradlew 
java_command: org.gradle.wrapper.GradleWrapperMain wrapper --gradle-version 7.5.1
java_class_path (initial): /home/cloud_user/cicd-pipeline-train-schedule-gradle/gradle/wrapper/gradle-wrapper.jar
Launcher Type: SUN_STANDARD

Environment Variables:
PATH=/usr/local/bin:/usr/bin:/usr/local/sbin:/usr/sbin:/home/cloud_user/.local/bin:/home/cloud_user/bin
SHELL=/bin/bash

Signal Handlers:
SIGSEGV: [libjvm.so+0xb66d60], sa_mask[0]=11111111011111111101111111111110, sa_flags=SA_RESTART|SA_SIGINFO
SIGBUS: [libjvm.so+0xb66d60], sa_mask[0]=11111111011111111101111111111110, sa_flags=SA_RESTART|SA_SIGINFO
SIGFPE: [libjvm.so+0x93ca10], sa_mask[0]=11111111011111111101111111111110, sa_flags=SA_RESTART|SA_SIGINFO
SIGPIPE: [libjvm.so+0x93ca10], sa_mask[0]=11111111011111111101111111111110, sa_flags=SA_RESTART|SA_SIGINFO
SIGXFSZ: [libjvm.so+0x93ca10], sa_mask[0]=11111111011111111101111111111110, sa_flags=SA_RESTART|SA_SIGINFO
SIGILL: [libjvm.so+0x93ca10], sa_mask[0]=11111111011111111101111111111110, sa_flags=SA_RESTART|SA_SIGINFO
SIGUSR1: SIG_DFL, sa_mask[0]=00000000000000000000000000000000, sa_flags=none
SIGUSR2: [libjvm.so+0x93cb80], sa_mask[0]=00000000000000000000000000000000, sa_flags=SA_RESTART|SA_SIGINFO
SIGHUP: SIG_DFL, sa_mask[0]=00000000000000000000000000000000, sa_flags=none
SIGINT: SIG_DFL, sa_mask[0]=00000000000000000000000000000000, sa_flags=none
SIGTERM: SIG_DFL, sa_mask[0]=00000000000000000000000000000000, sa_flags=none
SIGQUIT: SIG_DFL, sa_mask[0]=00000000000000000000000000000000, sa_flags=none


---------------  S Y S T E M  ---------------

OS:CentOS Linux release 7.9.2009 (Core)

uname:Linux 3.10.0-1160.49.1.el7.x86_64 #1 SMP Tue Nov 30 15:51:32 UTC 2021 x86_64
libc:glibc 2.17 NPTL 2.17 
rlimit: STACK 8192k, CORE 0k, NPROC 3768, NOFILE 4096, AS infinity
load average:6.14 2.83 1.12

/proc/meminfo:
MemTotal:         985892 kB
MemFree:           63324 kB
MemAvailable:       2724 kB
Buffers:               0 kB
Cached:            10260 kB
SwapCached:            0 kB
Active:           826068 kB
Inactive:           9756 kB
Active(anon):     825920 kB
Inactive(anon):     6368 kB
Active(file):        148 kB
Inactive(file):     3388 kB
Unevictable:           0 kB
Mlocked:               0 kB
SwapTotal:             0 kB
SwapFree:              0 kB
Dirty:                 0 kB
Writeback:             0 kB
AnonPages:        825804 kB
Mapped:             2312 kB
Shmem:              6592 kB
Slab:              45824 kB
SReclaimable:      17964 kB
SUnreclaim:        27860 kB
KernelStack:        2992 kB
PageTables:         7332 kB
NFS_Unstable:          0 kB
Bounce:                0 kB
WritebackTmp:          0 kB
CommitLimit:      492944 kB
Committed_AS:    1357140 kB
VmallocTotal:   34359738367 kB
VmallocUsed:        6404 kB
VmallocChunk:   34359728228 kB
Percpu:              496 kB
HardwareCorrupted:     0 kB
AnonHugePages:    104448 kB
CmaTotal:              0 kB
CmaFree:               0 kB
HugePages_Total:       0
HugePages_Free:        0
HugePages_Rsvd:        0
HugePages_Surp:        0
Hugepagesize:       2048 kB
DirectMap4k:       61352 kB
DirectMap2M:      958464 kB
DirectMap1G:           0 kB

container (cgroup) information:
container_type: cgroupv1
cpu_cpuset_cpus: 0-1
cpu_memory_nodes: 0
active_processor_count: 2
cpu_quota: -1
cpu_period: 100000
cpu_shares: -1
memory_limit_in_bytes: -1
memory_and_swap_limit_in_bytes: -1
memory_soft_limit_in_bytes: -1
memory_usage_in_bytes: 856649728
memory_max_usage_in_bytes: 0


CPU:total 2 (initial active 2) (1 cores per cpu, 2 threads per core) family 6 model 85 stepping 4, cmov, cx8, fxsr, mmx, sse, sse2, sse3, ssse3, sse4.1, sse4.2, popcnt, avx, avx2, aes, clmul, erms, rtm, 3dnowpref, lzcnt, ht, tsc, tscinvbit, bmi1, bmi2, adx

/proc/cpuinfo:
processor	: 0
vendor_id	: GenuineIntel
cpu family	: 6
model		: 85
model name	: Intel(R) Xeon(R) Platinum 8175M CPU @ 2.50GHz
stepping	: 4
microcode	: 0x2006c0a
cpu MHz		: 2499.998
cache size	: 33792 KB
physical id	: 0
siblings	: 2
core id		: 0
cpu cores	: 1
apicid		: 0
initial apicid	: 0
fpu		: yes
fpu_exception	: yes
cpuid level	: 13
wp		: yes
flags		: fpu vme de pse tsc msr pae mce cx8 apic sep mtrr pge mca cmov pat pse36 clflush mmx fxsr sse sse2 ss ht syscall nx pdpe1gb rdtscp lm constant_tsc rep_good nopl xtopology nonstop_tsc eagerfpu pni pclmulqdq ssse3 fma cx16 pcid sse4_1 sse4_2 x2apic movbe popcnt tsc_deadline_timer aes xsave avx f16c rdrand hypervisor lahf_lm abm 3dnowprefetch invpcid_single fsgsbase tsc_adjust bmi1 hle avx2 smep bmi2 erms invpcid rtm mpx avx512f avx512dq rdseed adx smap clflushopt clwb avx512cd avx512bw avx512vl xsaveopt xsavec xgetbv1 ida arat pku ospke
bogomips	: 4999.99
clflush size	: 64
cache_alignment	: 64
address sizes	: 46 bits physical, 48 bits virtual
power management:

processor	: 1
vendor_id	: GenuineIntel
cpu family	: 6
model		: 85
model name	: Intel(R) Xeon(R) Platinum 8175M CPU @ 2.50GHz
stepping	: 4
microcode	: 0x2006c0a
cpu MHz		: 2499.998
cache size	: 33792 KB
physical id	: 0
siblings	: 2
core id		: 0
cpu cores	: 1
apicid		: 1
initial apicid	: 1
fpu		: yes
fpu_exception	: yes
cpuid level	: 13
wp		: yes
flags		: fpu vme de pse tsc msr pae mce cx8 apic sep mtrr pge mca cmov pat pse36 clflush mmx fxsr sse sse2 ss ht syscall nx pdpe1gb rdtscp lm constant_tsc rep_good nopl xtopology nonstop_tsc eagerfpu pni pclmulqdq ssse3 fma cx16 pcid sse4_1 sse4_2 x2apic movbe popcnt tsc_deadline_timer aes xsave avx f16c rdrand hypervisor lahf_lm abm 3dnowprefetch invpcid_single fsgsbase tsc_adjust bmi1 hle avx2 smep bmi2 erms invpcid rtm mpx avx512f avx512dq rdseed adx smap clflushopt clwb avx512cd avx512bw avx512vl xsaveopt xsavec xgetbv1 ida arat pku ospke
bogomips	: 4999.99
clflush size	: 64
cache_alignment	: 64
address sizes	: 46 bits physical, 48 bits virtual
power management:



Memory: 4k page, physical 985892k(62828k free), swap 0k(0k free)

vm_info: OpenJDK 64-Bit Server VM (25.342-b07) for linux-amd64 JRE (1.8.0_342-b07), built on Jul 26 2022 17:48:26 by "mockbuild" with gcc 4.8.5 20150623 (Red Hat 4.8.5-44)

time: Mon Sep 12 06:06:38 2022
timezone: EDT
elapsed time: 0.465916 seconds (0d 0h 0m 0s)

